C51 COMPILER V9.01   1HZ_70_30_TANG                                                        03/19/2013 17:54:28 PAGE 1   


C51 COMPILER V9.01, COMPILATION OF MODULE 1HZ_70_30_TANG
OBJECT MODULE PLACED IN 1hz-70-30 tang.OBJ
COMPILER INVOKED BY: F:\Keil\C51\BIN\C51.EXE 1hz-70-30 tang.c BROWSE DEBUG OBJECTEXTEND

line level    source

   1          // Write by Huu Quang
   2          #include <REGX52.H>
   3          #define tan_so 20
   4          char millisec;
   5          char do_rong_xung;
   6          void delay_ms(unsigned int timer)
   7          {
   8   1              int i,j;
   9   1              for(i=0;i<timer;i++)
  10   1                      for(j=0;j<121;j++);
  11   1      }
  12          /*
  13          void ISR_1000ms(void) interrupt 1        // ham ngat timer 0
  14          {
  15                  TF0 = 0;//xoa co tran
  16                  TH0 =0xE2;       // nap du lieu vao thanh ghi timer
  17                  TL0 =0x0A;
  18                  TR0=1;
  19              P2_1=~P2_1;
  20          }
  21          */
  22          int main()
  23          {
  24   1              
  25   1              TMOD=0x01;//timer 0 che do 16 bit
  26   1              TR0=1;    //cho phep timer 0 hoat dong
  27   1              TH0=(0xFFFF-50000)>>8;
  28   1              TL0=(0xFFFF-50000)|0xFF;
  29   1              
  30   1              while(1)
  31   1              {
  32   2                      
  33   2                      while(TF0!=0) 
  34   2                      {
  35   3                              millisec++;
  36   3                              TF0=0;
  37   3                              TH0 =(0xFFFF-50000)>>8;  // nap du lieu vao thanh ghi timer
  38   3                              TL0 =(0xFFFF-50000);
  39   3                              
  40   3                              if(millisec<=do_rong_xung)
  41   3                              {
  42   4                                      P2_0=1;         
  43   4                              }
  44   3                              else if(millisec<=tan_so)
  45   3                              {
  46   4                                      P2_0=0;
  47   4                              }
  48   3                              else millisec=0;
  49   3                      }
  50   2                      if(P2_1==0)
  51   2                      {
  52   3                              while(P2_2==0);
  53   3                              delay_ms(100);
  54   3                              do_rong_xung+=1;
  55   3                              if(do_rong_xung>=tan_so)
C51 COMPILER V9.01   1HZ_70_30_TANG                                                        03/19/2013 17:54:28 PAGE 2   

  56   3                                      do_rong_xung=1;
  57   3                      }
  58   2              }
  59   1      }


MODULE INFORMATION:   STATIC OVERLAYABLE
   CODE SIZE        =    120    ----
   CONSTANT SIZE    =   ----    ----
   XDATA SIZE       =   ----    ----
   PDATA SIZE       =   ----    ----
   DATA SIZE        =      2    ----
   IDATA SIZE       =   ----    ----
   BIT SIZE         =   ----    ----
END OF MODULE INFORMATION.


C51 COMPILATION COMPLETE.  0 WARNING(S),  0 ERROR(S)
