C51 COMPILER V9.01   1HZ                                                                   03/18/2013 21:54:31 PAGE 1   


C51 COMPILER V9.01, COMPILATION OF MODULE 1HZ
OBJECT MODULE PLACED IN 1hz.OBJ
COMPILER INVOKED BY: F:\Keil\C51\BIN\C51.EXE 1hz.c BROWSE DEBUG OBJECTEXTEND

line level    source

   1          #include<regx52.h>
   2          sbit F=P2^0;
   3          int dem;
   4          void main()
   5                   {
   6   1                      TMOD=0x01;
   7   1               //     TH0=(65536-50000)/256;
   8   1              //      TL0=(65536-50000)%256;
   9   1                      //TR0=1;
  10   1                      while(1)
  11   1                              {       
  12   2                                      TH0=(65536-50000)/256;
  13   2                                      TL0=(65536-50000)%256;
  14   2                                      TR0=1;
  15   2                                      while(!TF0);
  16   2                                      TF0=0;
  17   2                                      TR0=0;
  18   2                                      dem++;
  19   2                                      if(dem==10) 
  20   2                                      {
  21   3                                                      F=~F;
  22   3                                                      dem=0;
  23   3                                      }
  24   2      
  25   2                              }
  26   1               }


MODULE INFORMATION:   STATIC OVERLAYABLE
   CODE SIZE        =     40    ----
   CONSTANT SIZE    =   ----    ----
   XDATA SIZE       =   ----    ----
   PDATA SIZE       =   ----    ----
   DATA SIZE        =      2    ----
   IDATA SIZE       =   ----    ----
   BIT SIZE         =   ----    ----
END OF MODULE INFORMATION.


C51 COMPILATION COMPLETE.  0 WARNING(S),  0 ERROR(S)
