C51 COMPILER V9.01   MAIN                                                                  03/28/2013 10:00:07 PAGE 1   


C51 COMPILER V9.01, COMPILATION OF MODULE MAIN
OBJECT MODULE PLACED IN main.OBJ
COMPILER INVOKED BY: F:\Keil\C51\BIN\C51.EXE main.c BROWSE DEBUG OBJECTEXTEND

line level    source

   1          #include <REGX52.H>
   2          
   3          sbit Led_vang=P1^0;
   4          sbit Led_do=P1^2;
   5          void delay_ms(unsigned int ms)
   6          {
   7   1              unsigned int x,y;
   8   1              for(x=0;x<ms;x++)
   9   1              for(y=0;y<=125;y++);
  10   1      }
  11          void timer_0(void) interrupt 1
  12          {
  13   1              int i;
  14   1              Led_vang=0;
  15   1              for(i=0;i<=20;i++)
  16   1              {
  17   2                      Led_do=~Led_do;
  18   2                      delay_ms(100);  
  19   2              }
  20   1      }
  21          void main()
  22          {
  23   1              //set interrupt
  24   1              EA=1;//enable interrupt gobal
  25   1              IT0=1;
  26   1              IE=0x81;
  27   1              while(1)
  28   1              {
  29   2                       Led_do=0;
  30   2                       Led_vang =~Led_vang;
  31   2                       delay_ms(100);
  32   2      
  33   2              }
  34   1      }


MODULE INFORMATION:   STATIC OVERLAYABLE
   CODE SIZE        =    119    ----
   CONSTANT SIZE    =   ----    ----
   XDATA SIZE       =   ----    ----
   PDATA SIZE       =   ----    ----
   DATA SIZE        =   ----    ----
   IDATA SIZE       =   ----    ----
   BIT SIZE         =   ----    ----
END OF MODULE INFORMATION.


C51 COMPILATION COMPLETE.  0 WARNING(S),  0 ERROR(S)
