C51 COMPILER V9.01   8LED                                                                  05/02/2013 13:20:11 PAGE 1   


C51 COMPILER V9.01, COMPILATION OF MODULE 8LED
OBJECT MODULE PLACED IN 8led.OBJ
COMPILER INVOKED BY: F:\Keil\C51\BIN\C51.EXE 8led.c BROWSE DEBUG OBJECTEXTEND

line level    source

   1          #include <REGX51.H>
   2          unsigned int i,j;
   3          void delay(unsigned int ms)
   4          {
   5   1        for(i=0;i<=ms;i++);
   6   1      }
   7          void sang_thuan1()
   8          {
   9   1        //unsigned char sang_thuan1[]={0x00,0x01,0x03,0x07,0x0f,0x1f,0x3f,0x7f,0xff};
  10   1         unsigned int x=1;
  11   1        for(j=0;j<8;j++)
  12   1              {
  13   2      
  14   2                P2=x;
  15   2                x=x<<1|1;
  16   2                delay(10000);
  17   2              }
  18   1      }
  19          void sang_thuan2()
  20          {
  21   1        unsigned char sang_thuan2[]={0x00,0x01,0x03,0x07,0x0f,0x1f,0x3f,0x7f,0xff};
  22   1        for(j=0;j<9;j++)
  23   1              {
  24   2                P2=~sang_thuan2[j];
  25   2                delay(9000);
  26   2              }
  27   1      }
  28          void sang_nghich1()
  29          {
  30   1        unsigned char sang_nghich1[]={0x00,0x80,0xc0,0xe0,0xf0,0xf8,0xfc,0xfe,0xff};
  31   1        for(j=0;j<9;j++)
  32   1              {
  33   2                P2=sang_nghich1[j];
  34   2                delay(9000);
  35   2              }
  36   1      }
  37          void sang_nghich2()
  38          {
  39   1        unsigned char sang_nghich2[]={0x00,0x80,0xc0,0xe0,0xf0,0xf8,0xfc,0xfe,0xff};
  40   1        for(j=0;j<9;j++)
  41   1              {
  42   2                P2=~sang_nghich2[j];
  43   2                delay(9000);
  44   2              }
  45   1      }
  46          void mot_led_duoi_thuan1()
  47          {
  48   1        P2=0x01;delay(9000);
  49   1        for(j=0;j<9;j++)
  50   1              {
  51   2                P2=P2<<1;
  52   2                delay(9000);
  53   2              }
  54   1      }
  55          void mot_led_duoi_thuan2()
C51 COMPILER V9.01   8LED                                                                  05/02/2013 13:20:11 PAGE 2   

  56          {
  57   1        P2=0x80;delay(9000);
  58   1        for(j=0;j<9;j++)
  59   1              {
  60   2                P2=P2>>1;
  61   2                delay(9000);
  62   2              }
  63   1      }
  64          void hai_led_duoi_nhau1()
  65          {
  66   1        P2=0x03;delay(9000);
  67   1        for(j=0;j<9;j++)
  68   1              {
  69   2                P2=P2<<1;
  70   2                delay(9000);
  71   2              }
  72   1      }
  73          void hai_led_duoi_nhau2()
  74          {
  75   1      
  76   1        P2=0xc0; delay(9000);
  77   1        for(j=0;j<9;j++)
  78   1              {
  79   2                P2=P2>>1;
  80   2                delay(9000);
  81   2              }
  82   1      }
  83          void nhap_nhay_5_lan()
  84          {
  85   1        for(j=0;j<5;j++)
  86   1               {
  87   2                delay(9000);
  88   2                P2=0x00;
  89   2                delay(9000);
  90   2                P2=0xff;
  91   2                delay(9000);
  92   2               }
  93   1      }
  94          void quet_luu_sang1()
  95          {
  96   1        unsigned char quet_luu_sang1[]={0x01,0x02,0x04,0x08,0x10,0x20,0x40,0x80,
  97   1                                       0x81,0x82,0x84,0x88,0x90,0xa0,0xc0,
  98   1                                                                       0xc1,0xc2,0xc4,0xc8,0xd0,0xe0,
  99   1                                                                        0xe1,0xe2,0xe4,0xe8,0xf0,
 100   1                                                                        0xf1,0xf2,0xf4,0xf8,
 101   1                                                                        0xf9,0xfa,0xfc,
 102   1                                                                        0xfd,0xfe,0xff    };
 103   1        for(j=0;j<36;j++)
 104   1        {
 105   2        P2=quet_luu_sang1[j];
 106   2        delay(9000);
 107   2        }
 108   1      }
 109          void dich_bit()
 110          {
 111   1        P2=0x07;delay(9000);
 112   1        for(j=0;j<9;j++)
 113   1        {
 114   2        P2=P2<<1; delay(9000);
 115   2        }
 116   1      }
 117          void chuyen_nhanh()
C51 COMPILER V9.01   8LED                                                                  05/02/2013 13:20:11 PAGE 3   

 118          {
 119   1        for(j=0;j<10;j++)
 120   1        {
 121   2          P2=0x55; delay(9000);
 122   2              P2=0xaa; delay(9000);
 123   2        }
 124   1      }
 125          void giua_chay_ra()
 126          {
 127   1        unsigned char giua_chay_ra[]={0x00,0x18,0x24,0x42,0x81};
 128   1        for(j=0;j<5;j++)
 129   1              {
 130   2                P2=giua_chay_ra[j];
 131   2                delay(9000);
 132   2              }
 133   1      }
 134          void giua_chay_ra_luu()
 135          {
 136   1         unsigned char giua_chay_ra_luu[]={0x00,0x18,0x24,0x42,0x81,0x99,0xa5,0xc3,0xdb,0xe7,0xff};
 137   1         for(j=0;j<11;j++)
 138   1              {
 139   2                P2=giua_chay_ra_luu[j];
 140   2                delay(9000);
 141   2               }
 142   1      }
 143          void hai_dau_chay_vao()
 144          {
 145   1        unsigned char hai_dau_chay_vao[]={0x00,0x81,0x42,0x24,0x18};
 146   1        for(j=0;j<5;j++)
 147   1              {
 148   2                P2=hai_dau_chay_vao[j];
 149   2                delay(9000);
 150   2               }
 151   1      }
 152          void hai_dau_chay_vao_luu()
 153          {
 154   1        unsigned char hai_dau_chay_vao_luu[]={0x00,0x81,0x42,0x24,0x18,0x99,0x5a,0x3c,0xbd,0x7e,0xff};
 155   1        for(j=0;j<11;j++)
 156   1              {
 157   2                P2=hai_dau_chay_vao_luu[j];
 158   2                delay(9000);
 159   2               }
 160   1      }
 161          void main()
 162          {
 163   1        while(1)
 164   1        {
 165   2                  sang_thuan1();
 166   2                  sang_thuan2();
 167   2                      sang_nghich1();
 168   2                      sang_nghich2();
 169   2                  nhap_nhay_5_lan();
 170   2                      mot_led_duoi_thuan1();
 171   2                      mot_led_duoi_thuan2();
 172   2                      hai_led_duoi_nhau1();
 173   2                      hai_led_duoi_nhau2();
 174   2                      quet_luu_sang1();
 175   2                      dich_bit();
 176   2                      chuyen_nhanh();
 177   2                      giua_chay_ra();
 178   2                      giua_chay_ra_luu();
 179   2                      hai_dau_chay_vao();
C51 COMPILER V9.01   8LED                                                                  05/02/2013 13:20:11 PAGE 4   

 180   2                      hai_dau_chay_vao_luu();
 181   2      
 182   2        }
 183   1      }


MODULE INFORMATION:   STATIC OVERLAYABLE
   CODE SIZE        =    771    ----
   CONSTANT SIZE    =     95    ----
   XDATA SIZE       =   ----    ----
   PDATA SIZE       =   ----    ----
   DATA SIZE        =      4      95
   IDATA SIZE       =   ----    ----
   BIT SIZE         =   ----    ----
END OF MODULE INFORMATION.


C51 COMPILATION COMPLETE.  0 WARNING(S),  0 ERROR(S)
