C51 COMPILER V9.01   DEM00DEN99                                                            10/03/2013 20:29:06 PAGE 1   


C51 COMPILER V9.01, COMPILATION OF MODULE DEM00DEN99
OBJECT MODULE PLACED IN dem00den99.OBJ
COMPILER INVOKED BY: C:\Program Files\Keil\C51\BIN\C51.EXE dem00den99.c BROWSE DEBUG OBJECTEXTEND

line level    source

   1          #include <REGX52.H>
   2          #include <stdio.h>
   3          
   4          unsigned char num,so1,so2,
   5                                    LED[10]={0xC0,0xF9,0xA4,0xB0,0x99,0x92,0x82,0xF8,0x80,0x90};
   6          char x;
   7          
   8          void delay(unsigned int t)
   9          {
  10   1              int i,j;
  11   1              for(i=0;i<=t;i++)
  12   1              for(j=0;j<=125;j++);
  13   1      }
  14          void led7thanh(num){
  15   1              so1=num/10;
  16   1              so2=num%10;
  17   1              P0=LED[so1];
  18   1              P2=LED[so2];
  19   1              delay(200);     
  20   1      }
  21          void main()
  22          {
  23   1        
  24   1        SCON = 0X52;
  25   1        TMOD = 0X20;
  26   1        TH1 = TL1 = -3;
  27   1        TR1 =1;
  28   1        IE = 0x90;
  29   1        
  30   1        while(1)
  31   1        {     
  32   2        }
  33   1      }
  34          void ngat() interrupt 4
  35          {
  36   1        unsigned int i;
  37   1        lap:
  38   1        x=_getkey();
  39   1        if(x=='s')
  40   1        {      
  41   2        do
  42   2        { 
  43   3                 for(i=0;i<=20;i++)
  44   3                 {       
  45   4                      led7thanh(i);
  46   4                      if (i==20) {led7thanh(0);goto lap;}
  47   4                 }
  48   3        }while(x!='s');
  49   2        }
  50   1        else
  51   1        {
  52   2                 for(i=x;i<=20;i++)
  53   2                 {       
  54   3                      led7thanh(i);
  55   3                      if (i==20) {led7thanh(0);goto lap;}
C51 COMPILER V9.01   DEM00DEN99                                                            10/03/2013 20:29:06 PAGE 2   

  56   3                 }       
  57   2        }
  58   1      }


MODULE INFORMATION:   STATIC OVERLAYABLE
   CODE SIZE        =    271    ----
   CONSTANT SIZE    =   ----    ----
   XDATA SIZE       =   ----    ----
   PDATA SIZE       =   ----    ----
   DATA SIZE        =     14       2
   IDATA SIZE       =   ----    ----
   BIT SIZE         =   ----    ----
END OF MODULE INFORMATION.


C51 COMPILATION COMPLETE.  0 WARNING(S),  0 ERROR(S)
