C51 COMPILER V9.01   KT                                                                    06/13/2013 08:56:23 PAGE 1   


C51 COMPILER V9.01, COMPILATION OF MODULE KT
OBJECT MODULE PLACED IN KT.OBJ
COMPILER INVOKED BY: E:\Keil\C51\BIN\C51.EXE KT.C BROWSE DEBUG OBJECTEXTEND

line level    source

   1          #include <REGX52.H>
   2          
   3          sbit sw=P3^5;
   4          sbit led1=P1^0;
   5          sbit led2=P1^1;
   6          sbit led3=P1^2;
   7          sbit led4=P1^3;
   8          
   9          unsigned char donvi,chuc,tram,nghin;
  10          
  11          unsigned int i,s;
  12          
  13          unsigned char m[]={0xC0,0xF9,0xA4,0xB0,0x99,0x92,0x82,0xF8,0x80,0x90};
  14          
  15          void delay(int time)
  16          {
  17   1              while(time--);
  18   1      }
  19          
  20          void display(unsigned int num)
  21          {
  22   1                                      nghin=num/1000;
  23   1                                      tram=(num%1000)/100;
  24   1                                      chuc=((num%1000)%100)/10;
  25   1                                      donvi=((num%1000)%100)%10;
  26   1      
  27   1                                      for(i=0;i<50;i++)
  28   1                                      {
  29   2                                              P2=m[chuc];
  30   2                                              led1=1; led2=0;
  31   2                                              delay(100);
  32   2      
  33   2                                              P2=0xff;
  34   2                                              delay(100);
  35   2      
  36   2                                              P2=m[donvi];
  37   2                                              led2=1;led1=0;
  38   2                                              delay(100);
  39   2      
  40   2                                              P2=0xff;
  41   2                                              delay(100);
  42   2                                      }
  43   1              
  44   1      }
  45          void main(void)                                     
  46          {
  47   1                              unsigned int count;
  48   1                  TMOD=0x60;
  49   1                  TH1=0x00;              
  50   1                      sw=1;                    
  51   1                  TR1=1;                       
  52   1      
  53   1                  while(1)                     
  54   1                  {
  55   2                              count=TL1;
C51 COMPILER V9.01   KT                                                                    06/13/2013 08:56:23 PAGE 2   

  56   2                                                      if (count >99)
  57   2                                                      {
  58   3                                                              count = 0;
  59   3                                                              TL1=0;
  60   3              
  61   3                                                      }
  62   2                                                      display(count);
  63   2                  }
  64   1      }


MODULE INFORMATION:   STATIC OVERLAYABLE
   CODE SIZE        =    237    ----
   CONSTANT SIZE    =   ----    ----
   XDATA SIZE       =   ----    ----
   PDATA SIZE       =   ----    ----
   DATA SIZE        =     18    ----
   IDATA SIZE       =   ----    ----
   BIT SIZE         =   ----    ----
END OF MODULE INFORMATION.


C51 COMPILATION COMPLETE.  0 WARNING(S),  0 ERROR(S)
