C51 COMPILER V9.01   KT                                                                    06/13/2013 15:28:34 PAGE 1   


C51 COMPILER V9.01, COMPILATION OF MODULE KT
OBJECT MODULE PLACED IN KT.OBJ
COMPILER INVOKED BY: E:\Keil\C51\BIN\C51.EXE KT.C BROWSE DEBUG OBJECTEXTEND

line level    source

   1          #include <REGX52.H>
   2          #include <stdio.h>
   3          #include<string.h> 
   4          
   5          unsigned int num; 
   6          
   7          void delay_ms(unsigned int  ms)
   8          {
   9   1              int i,j;
  10   1              for(i=0;i<ms;i++)
  11   1              {
  12   2                      for(j=0;j<121;j++);
  13   2              }
  14   1      }
  15          
  16          void sendchar(unsigned char a)                       
  17          {
  18   1                  SBUF=a; //chuyen ky tu a SBUF                               
  19   1                  while(TI==0); //cho truyen xong                   
  20   1                  TI=0;                                      
  21   1      }
  22          
  23          void sendintnum(unsigned long n)       
  24          {         
  25   1              if(n!=0)                                             
  26   1                  {
  27   2                         unsigned char a[11];                       
  28   2                         int i;                                        
  29   2                         for(i=0;n>0;i++)       //tach so           
  30   2                              {
  31   3                                    a[i]=(n%10)+48;      
  32   3                                    n=n/10;                      
  33   3                              }
  34   2                                              a[i]=NULL;                                
*** WARNING C260 IN LINE 34 OF KT.C: '=': pointer truncation
  35   2                          for(i=strlen(a);i>=0;i--)   //gui so          
  36   2                              {                                                      
  37   3                              sendchar(a[i]);                             
  38   3                 
  39   3                              }
  40   2                  }
  41   1              else sendchar('0');
  42   1      }
  43          void ngat(void) interrupt 0     //ngat timer 0
  44          {
  45   1              num++;
  46   1              sendchar(8); //xoa
  47   1              sendchar(8);
  48   1              sendintnum(num);//truyen so lan bam
  49   1      }
  50          void main()
  51          
  52          {
  53   1                       //EA=1;//cho phep ngat toan cuc
  54   1                       IT0=1;//
C51 COMPILER V9.01   KT                                                                    06/13/2013 15:28:34 PAGE 2   

  55   1                       IE=0x81;// 1 0 0 0 0 0 0 1
  56   1                       TMOD=0x22;//timer1 che do 2, timer 0 che 2
  57   1                       SCON=0x50;//
  58   1                       TH1=TL1=-3;    //9600
  59   1                       TR1=1;//chay timer 1
  60   1                       TR0=1;// chay timer 0
  61   1                       sendintnum(0);//in so 0
  62   1                       while(1);
  63   1      
  64   1      }


MODULE INFORMATION:   STATIC OVERLAYABLE
   CODE SIZE        =    327    ----
   CONSTANT SIZE    =   ----    ----
   XDATA SIZE       =   ----    ----
   PDATA SIZE       =   ----    ----
   DATA SIZE        =      2      17
   IDATA SIZE       =   ----    ----
   BIT SIZE         =   ----    ----
END OF MODULE INFORMATION.


C51 COMPILATION COMPLETE.  1 WARNING(S),  0 ERROR(S)
