C51 COMPILER V9.01   DELAY                                                                 11/10/2012 12:27:33 PAGE 1   


C51 COMPILER V9.01, COMPILATION OF MODULE DELAY
OBJECT MODULE PLACED IN delay.OBJ
COMPILER INVOKED BY: E:\Keil\C51\BIN\C51.EXE delay.c BROWSE DEBUG OBJECTEXTEND

line level    source

   1          #include <REGX51.H>
   2          #define led P0^0
   3          void delay_us(unsigned int us)
   4          {                         
   5   1              while(us--)
   6   1              {
   7   2              unsigned int i=1000;
   8   2                      while(i--);
   9   2              }
  10   1      }
  11          
  12          void delay_ms(unsigned int ms)
  13          {
  14   1              unsigned int x,y;
  15   1              for(x=0;x<ms;x++)
  16   1              for(y=0;y<=125;y++);
  17   1      }
  18          void main()
  19          {
  20   1              while(1)
  21   1              {
  22   2                      delay_ms(1000);
  23   2              
  24   2              }
  25   1      
  26   1      }


MODULE INFORMATION:   STATIC OVERLAYABLE
   CODE SIZE        =     73    ----
   CONSTANT SIZE    =   ----    ----
   XDATA SIZE       =   ----    ----
   PDATA SIZE       =   ----    ----
   DATA SIZE        =   ----       2
   IDATA SIZE       =   ----    ----
   BIT SIZE         =   ----    ----
END OF MODULE INFORMATION.


C51 COMPILATION COMPLETE.  0 WARNING(S),  0 ERROR(S)
