C51 COMPILER V9.01   MATRIX74HC595                                                         05/02/2013 14:48:55 PAGE 1   


C51 COMPILER V9.01, COMPILATION OF MODULE MATRIX74HC595
OBJECT MODULE PLACED IN matrix74hc595.OBJ
COMPILER INVOKED BY: F:\Keil\C51\BIN\C51.EXE matrix74hc595.c BROWSE DEBUG OBJECTEXTEND

line level    source

   1          #include <REGX52.H>
   2          
   3          sbit SCK = P3^0;
   4          sbit DATA = P3^1;
   5          sbit SCL = P3^2;
   6          //                                                        1     2        3        4    5    6  
   7          unsigned char code mang[] = { 0xFC,0xFC,0x80,0x80,0xFC,0xFC,
   8                                                                    0x83,0xF5,0xF6,0xF5,0x83,
   9                                                                0x80,0xFD,0xFB,0xF7,0x80,0xFF,0xff
  10                                                            }; //T A N
  11          unsigned char cot[8]   = {0x01,0x02,0x04,0x08,0x10,0x20,0x40,0x80};
  12          
  13          
  14          
  15          void delay(unsigned int t)
  16          {
  17   1              unsigned int i,j;
  18   1              for(i=0;i<t;i++)
  19   1              for (j=0;j<=125;j++);   
  20   1      }
  21          
  22          void quet(unsigned char x)
  23          {
  24   1              int i,temp;
  25   1              for(i=0;i<8;i++)
  26   1              {
  27   2                      temp = x;
  28   2                      temp = temp&0x80;
  29   2                      if(temp==0x80) DATA = 1;
  30   2                      else DATA = 0;
  31   2                      x*=2;
  32   2                      SCK = 0;
  33   2                      SCK = 1;
  34   2              }
  35   1              SCL = 0;
  36   1              SCL = 1;
  37   1      }
  38          
  39          void main()
  40          {
  41   1              int j,i,k;
  42   1              while(1)
  43   1              {
  44   2                      for(j=0;j<18;j++)
  45   2                      
  46   2                              for(k=0;k<10;k++)//tan so quet
  47   2                              for(i=0;i<8;i++)
  48   2                              {                                       
  49   3                               P2=cot[i];      
  50   3                               quet(mang[(i+j)%18]);
  51   3                               delay(5);
  52   3                              }
  53   2                              P2=0;
  54   2                              delay(100);
  55   2              }
C51 COMPILER V9.01   MATRIX74HC595                                                         05/02/2013 14:48:55 PAGE 2   

  56   1      }


MODULE INFORMATION:   STATIC OVERLAYABLE
   CODE SIZE        =    207    ----
   CONSTANT SIZE    =     18    ----
   XDATA SIZE       =   ----    ----
   PDATA SIZE       =   ----    ----
   DATA SIZE        =      8       6
   IDATA SIZE       =   ----    ----
   BIT SIZE         =   ----    ----
END OF MODULE INFORMATION.


C51 COMPILATION COMPLETE.  0 WARNING(S),  0 ERROR(S)
