C51 COMPILER V9.01   7SEG                                                                  03/13/2013 22:15:30 PAGE 1   


C51 COMPILER V9.01, COMPILATION OF MODULE 7SEG
OBJECT MODULE PLACED IN 7seg.OBJ
COMPILER INVOKED BY: F:\Keil\C51\BIN\C51.EXE 7seg.c BROWSE DEBUG OBJECTEXTEND

line level    source

   1          #include <REGX52.H>
   2          void delay_ms(unsigned int ms)
   3          {
   4   1              unsigned int x,y;
   5   1              for(x=0;x<ms;x++)
   6   1              for(y=0;y<=125;y++);
   7   1      }
   8          unsigned char seg7[]={0xC0,0xF9,0xA4,0xB0,0x99,0x92,0x82,0xF8,0x80,0x90};
   9          
  10          void main()
  11          {
  12   1              int i;
  13   1              while(1)
  14   1              {
  15   2                       for(i=0;i<10;i++)
  16   2                       {
  17   3                              P2=seg7[i];
  18   3                              delay_ms(1000);
  19   3                       }
  20   2              }
  21   1      }


MODULE INFORMATION:   STATIC OVERLAYABLE
   CODE SIZE        =     62    ----
   CONSTANT SIZE    =   ----    ----
   XDATA SIZE       =   ----    ----
   PDATA SIZE       =   ----    ----
   DATA SIZE        =     10    ----
   IDATA SIZE       =   ----    ----
   BIT SIZE         =   ----    ----
END OF MODULE INFORMATION.


C51 COMPILATION COMPLETE.  0 WARNING(S),  0 ERROR(S)
