C51 COMPILER V9.01   ANHLUONG                                                              07/30/2013 17:34:49 PAGE 1   


C51 COMPILER V9.01, COMPILATION OF MODULE ANHLUONG
OBJECT MODULE PLACED IN anhluong.OBJ
COMPILER INVOKED BY: E:\Keil\C51\BIN\C51.EXE anhluong.c BROWSE DEBUG OBJECTEXTEND

line level    source

   1          #include <REG51.H>
   2          #include <string.h>
   3          void delay(unsigned int t)
   4          {
   5   1              unsigned int i;
   6   1              for(i=0;i<t;i++);
   7   1      }
   8          unsigned char code mahang[]={
   9          //       1        2     3       4        5        6        7    8
  10                  0xFF,0xFF,0xFF,0xFF,0xFF,0xFF,//SPACE-32
  11                  0xFF,0xFF,0xA0,0xFF,0xFF,0xFF,//!    33
  12                  0xFF,0xFF,0xF8,0xF4,0xFF,0xFF,//"    34
  13                  0xEB,0x80,0xEB,0x80,0xEB,0xFF,//#    35
  14                  0xDB,0xD5,0x80,0xD5,0xED,0xFF,//$    36
  15                  0xD8,0xEA,0x94,0xAB,0x8D,0xFF,//%    37
  16                  0xC9,0xB6,0xA9,0xDF,0xAF,0xFF,//&    38
  17                  0xFF,0xFF,0xF8,0xF4,0xFF,0xFF,//'    39
  18                  0xFF,0xE3,0xDD,0xBE,0xFF,0xFF,//(    40
  19                  0xFF,0xBE,0xDD,0xE3,0xFF,0xFF,//)    41
  20                  0xD5,0xE3,0x80,0xE3,0xD5,0xFF,//*    42
  21                  0xF7,0xF7,0xC1,0xF7,0xF7,0xFF,//+    43
  22                  0xFF,0xA7,0xC7,0xFF,0xFF,0xFF,//,    44
  23                  0xF7,0xF7,0xF7,0xF7,0xF7,0xFF,//-    45
  24                  0xFF,0x9F,0x9F,0xFF,0xFF,0xFF,//x    46
  25                  0xFF,0xC9,0xC9,0xFF,0xFF,0xFF,// /   47
  26                  0xC1,0xAE,0xB6,0xBA,0xC1,0xFF,//0    48         
  27                  0xFF,0xBD,0x80,0xBF,0xFF,0xFF,//1    49
  28                  0x8D,0xB6,0xB6,0xB6,0xB9,0xFF,//2    50
  29                  0xDD,0xBE,0xB6,0xB6,0xC9,0xFF,//3    51
  30                  0xE7,0xEB,0xED,0x80,0xEF,0xFF,//4    52
  31                  0xD8,0xBA,0xBA,0xBA,0xC6,0xFF,//5    53
  32                  0xC3,0xB5,0xB6,0xB6,0xCF,0xFF,//6    54
  33                  0xFE,0x8E,0xF6,0xFA,0xFC,0xFF,//7    55
  34                  0xC9,0xB6,0xB6,0xB6,0xC9,0xFF,//8    56
  35                  0xF9,0xB6,0xB6,0xD6,0xE1,0xFF,//9    57
  36                  0xFF,0xC9,0xC9,0xFF,0xFF,0xFF,//:    58
  37                  0xFF,0xA4,0xC4,0xFF,0xFF,0xFF,//;    59
  38                  0xF7,0xEB,0xDD,0xBE,0xFF,0xFF,//<    60
  39                  0xEB,0xEB,0xEB,0xEB,0xEB,0xFF,//=    61
  40                  0xFF,0xBE,0xDD,0xEB,0xF7,0xFF,//>    62
  41                  0xFD,0xFE,0xAE,0xF6,0xF9,0xFF,//?    63
  42                  0xCD,0xB6,0x8E,0xBE,0xC1,0xFF,//@    64 
  43                  0x83,0xF5,0xF6,0xF5,0x83,0xFF,//A    65
  44                  0xBE,0x80,0xB6,0xB6,0xC9,0xFF,//B    66
  45                  0xC1,0xBE,0xBE,0xBE,0xDD,0xFF,//C    67
  46                  0xBE,0x80,0xBE,0xBE,0xC1,0xFF,//D    68
  47                  0x80,0xB6,0xB6,0xB6,0xBE,0xFF,//E    69
  48                  0x80,0xF6,0xF6,0xFE,0xFE,0xFF,//F    70
  49                  0xC1,0xBE,0xB6,0xB6,0xC5,0xFF,//G    71
  50                  0x80,0xF7,0xF7,0xF7,0x80,0xFF,//H        72
  51                  0xFF,0xBE,0x80,0xBE,0xFF,0xFF,//I        73
  52                  0xDF,0xBF,0xBE,0xC0,0xFE,0xFF,//J        74
  53                  0x80,0xF7,0xEB,0xDD,0xBE,0xFF,//K    75
  54                  0x80,0xBF,0xBF,0xBF,0xFF,0xFF,//L    76
  55                  0x80,0xFD,0xF3,0xFD,0x80,0xFF,//M    77
C51 COMPILER V9.01   ANHLUONG                                                              07/30/2013 17:34:49 PAGE 2   

  56                  0x80,0xFD,0xFB,0xF7,0x80,0xFF,//N    78
  57                  0xC1,0xBE,0xBE,0xBE,0xC1,0xFF,//O    79
  58                  0x80,0xF6,0xF6,0xF6,0xF9,0xFF,//P    80
  59                  0xC1,0xBE,0xAE,0xDE,0xA1,0xFF,//Q    81
  60                  0x80,0xF6,0xE6,0xD6,0xB9,0xFF,//R    82
  61                  0xD9,0xB6,0xB6,0xB6,0xCD,0xFF,//S    83 
  62                  0xFE,0xFE,0x80,0xFE,0xFE,0xFF,//T    84
  63                  0xC0,0xBF,0xBF,0xBF,0xC0,0xFF,//U    85
  64                  0xE0,0xDF,0xBF,0xDF,0xE0,0xFF,//V    86
  65                  0xC0,0xBF,0xCF,0xBF,0xC0,0xFF,//W    87
  66                  0x9C,0xEB,0xF7,0xEB,0x9C,0xFF,//X    88
  67                  0xFC,0xFB,0x87,0xFB,0xFC,0xFF,//Y    89
  68                  0x9E,0xAE,0xB6,0xBA,0xBC,0xFF,//Z    90
  69                  0xFF,0x80,0xBE,0xBE,0xFF,0xFF,//[    91
  70                  0xFD,0xFB,0xF7,0xEF,0xDF,0xFF,//\    92
  71                  0xFF,0xBE,0xBE,0x80,0xFF,0xFF,//]    93
  72                  0xFB,0xFD,0xFE,0xFD,0xFB,0xFF,//^    94
  73                  0x7F,0x7F,0x7F,0x7F,0x7F,0xFF,//_    95
  74                  0xFF,0xFF,0xF8,0xF4,0xFF,0xFF,//'    96
  75                  0xDF,0xAB,0xAB,0xAB,0xC7,0xFF,//a    97
  76                  0x80,0xC7,0xBB,0xBB,0xC7,0xFF,//b        98
  77                  0xFF,0xC7,0xBB,0xBB,0xBB,0xFF,//c        99
  78                  0xC7,0xBB,0xBB,0xC7,0x80,0xFF,//d        100
  79                  0xC7,0xAB,0xAB,0xAB,0xF7,0xFF,//e    101
  80                  0xF7,0x81,0xF6,0xF6,0xFD,0xFF,//f        102
  81                  0xF7,0xAB,0xAB,0xAB,0xC3,0xFF,//g    103
  82                  0x80,0xF7,0xFB,0xFB,0x87,0xFF,//h    104
  83                  0xFF,0xBB,0x82,0xBF,0xFF,0xFF,//i    105
  84                  0xDF,0xBF,0xBB,0xC2,0xFF,0xFF,//j    106
  85                  0xFF,0x80,0xEF,0xD7,0xBB,0xFF,//k    107
  86                  0xFF,0xBE,0x80,0xBF,0xFF,0xFF,//l    108
  87                  0x83,0xFB,0x87,0xFB,0x87,0xFF,//m    109
  88                  0x83,0xF7,0xFB,0xFB,0x87,0xFF,//n    110
  89                  0xC7,0xBB,0xBB,0xBB,0xC7,0xFF,//o    111
  90                  0x83,0xEB,0xEB,0xEB,0xF7,0xFF,//p    112
  91                  0xF7,0xEB,0xEB,0xEB,0x83,0xFF,//q    113
  92                  0x83,0xF7,0xFB,0xFB,0xF7,0xFF,//r    114
  93                  0xB7,0xAB,0xAB,0xAB,0xDB,0xFF,//s    115
  94                  0xFF,0xFB,0xC0,0xBB,0xBB,0xFF,//t    116
  95                  0xC3,0xBF,0xBF,0xDF,0x83,0xFF,//u    117
  96                  0xE3,0xDF,0xBF,0xDF,0xE3,0xFF,//v    118
  97                  0xC3,0xBF,0xCF,0xBF,0xC3,0xFF,//w    119
  98                  0xBB,0xD7,0xEF,0xD7,0xBB,0xFF,//x    120
  99                  0xF3,0xAF,0xAF,0xAF,0xC3,0xFF,//y    121
 100                  0xBB,0x9B,0xAB,0xB3,0xBB,0xFF,//z    122
 101                  0xFB,0xE1,0xE0,0xE1,0xFB,0xFF//^    123
 102                  };
 103          unsigned char code macotd[]={0x01,0x02,0x04,0x08,0x10,0x20,0x40,0x80};
 104          unsigned  int l,m,n,t,k,j,i;
 105          unsigned char *xau=" Blog's Tannd";
 106          unsigned char hienthi[100];
 107          void hienchudo(unsigned int c)
 108          {
 109   1                      k=c*6-32*6;
 110   1                      hienthi[0]=0xff;
 111   1                      for(i=0;i<6;i++)
 112   1                              {
 113   2                                      hienthi[i+1]=mahang[k+i];
 114   2                              }  
 115   1                      hienthi[7]=0xff;
 116   1                                                      for(i=0;i<200;i++)
 117   1                                                      for(n=0;n<8;n++)
C51 COMPILER V9.01   ANHLUONG                                                              07/30/2013 17:34:49 PAGE 3   

 118   1                                                              { 
 119   2                                                                      P2=macotd[n];
 120   2                                                                      P1=hienthi[n];
 121   2                                                                      //P3=hienthi[n];
 122   2                                                                      delay(20);      // delay mo
 123   2                                                              }
 124   1                                              P1=0xff;   //   
 125   1                                              delay(500); //  delay tat
 126   1                                              
 127   1      }
 128          void hienchuxanh(unsigned int c)
 129          {
 130   1                      k=c*6-32*6;
 131   1                      hienthi[0]=0xff;
 132   1                      for(i=0;i<6;i++)
 133   1                              {
 134   2                                      hienthi[i+1]=mahang[k+i];
 135   2                              }  
 136   1                      hienthi[7]=0xff;
 137   1                                                      for(i=0;i<200;i++)
 138   1                                                      for(n=0;n<8;n++)
 139   1                                                              { 
 140   2                                                                      P2=macotd[n];
 141   2                                                                      //P1=hienthi[n];
 142   2                                                                      P3=hienthi[n];
 143   2                                                                      delay(20);      // delay mo
 144   2                                                              }
 145   1                                              P1=0xff;   //   
 146   1                                              delay(500); //  delay tat
 147   1                                              
 148   1      }void hienchuvang(unsigned int c)
 149          {
 150   1                      k=c*6-32*6;
 151   1                      hienthi[0]=0xff;
 152   1                      for(i=0;i<6;i++)
 153   1                              {
 154   2                                      hienthi[i+1]=mahang[k+i];
 155   2                              }  
 156   1                      hienthi[7]=0xff;
 157   1                                                      for(i=0;i<200;i++)
 158   1                                                      for(n=0;n<8;n++)
 159   1                                                              { 
 160   2                                                                      P2=macotd[n];
 161   2                                                                      P1=hienthi[n];
 162   2                                                                      P3=hienthi[n];
 163   2                                                                      delay(20);      // delay mo
 164   2                                                              }
 165   1                                              P1=0xff;   //   
 166   1                                              delay(500); //  delay tat
 167   1                                              
 168   1      }
 169          void main()
 170          {
 171   1      
 172   1              l=strlen(xau)*6+8;
 173   1              for(i=0;i<8;i++) hienthi[i]=0xff;
 174   1              for(i=0;i<strlen(xau);i++)
 175   1              {
 176   2               n=0;
 177   2                k=*(xau+i)*6-32*6;
 178   2                for(j=k;j<k+6;j++)
 179   2                {
C51 COMPILER V9.01   ANHLUONG                                                              07/30/2013 17:34:49 PAGE 4   

 180   3                      m=8+i*6+n;
 181   3                      hienthi[8+i*6+n]=mahang[k+n];
 182   3                      n++;
 183   3                 }  
 184   2              }
 185   1              for(i=m+1;i<m+8;i++) hienthi[i]=0xff; 
 186   1              while(1)
 187   1              {
 188   2                       for(j=48;j<59;j++)
 189   2                      {
 190   3                              hienchudo(j);
 191   3                      }
 192   2                      for(j=48;j<59;j++)
 193   2                      {
 194   3                              hienchuxanh(j);
 195   3                      }for(j=48;j<59;j++)
 196   2                      {
 197   3                              hienchuvang(j);
 198   3                      }
 199   2      
 200   2      
 201   2                      for(j=65;j<92;j++)
 202   2                      {
 203   3                              hienchudo(j);
 204   3                      }
 205   2                      for(j=65;j<92;j++)
 206   2                      {
 207   3                              hienchuxanh(j);
 208   3                      }
 209   2                      for(j=65;j<92;j++)
 210   2                      {
 211   3                              hienchuvang(j);
 212   3                      }
 213   2              
 214   2              for(i=0;i<3;i++)
 215   2              {
 216   3                      k=0;
 217   3                              for(t=0;t<l;t++)
 218   3                                      {
 219   4                                              for(j=1;j<100;j++)//thoi gian nhin thay ky tu
 220   4                                                      for(n=0;n<8;n++)
 221   4                                                              { 
 222   5                                                                      P2=macotd[n];
 223   5                                                                      //P1=hienthi[n+k];
 224   5                                                                      P3=hienthi[n+k];
 225   5                                                                      delay(20);      // delay mo
 226   5                                                              }
 227   4                                              P1=0xff;   //   
 228   4                                              delay(500); //  delay tat
 229   4                                              k++;
 230   4                                      }
 231   3              }
 232   2              
 233   2               for(i=0;i<3;i++)
 234   2              {
 235   3                      k=0;
 236   3                              for(t=0;t<l;t++)
 237   3                                      {
 238   4                                              for(j=1;j<100;j++)//thoi gian nhin thay ky tu
 239   4                                                      for(n=0;n<8;n++)
 240   4                                                              { 
 241   5                                                                      P2=macotd[n];
C51 COMPILER V9.01   ANHLUONG                                                              07/30/2013 17:34:49 PAGE 5   

 242   5                                                                      //P1=hienthi[n+k];
 243   5                                                                      P3=hienthi[n+k];
 244   5                                                                      delay(20);      // delay mo
 245   5                                                              }
 246   4                                              P1=0xff;   //   
 247   4                                              delay(500); //  delay tat
 248   4                                              k++;
 249   4                                      }
 250   3              }
 251   2              for(i=0;i<3;i++)
 252   2              {
 253   3                      k=0;
 254   3                              for(t=0;t<l;t++)
 255   3                                      {
 256   4                                              for(j=1;j<100;j++)//thoi gian nhin thay ky tu
 257   4                                                      for(n=0;n<8;n++)
 258   4                                                              { 
 259   5                                                                      P2=macotd[n];
 260   5                                                                      P1=hienthi[n+k];
 261   5                                                                      //P3=hienthi[n+k];
 262   5                                                                      delay(20);      // delay mo
 263   5                                                              }
 264   4                                              P1=0xff;   //   
 265   4                                              delay(500); //  delay tat
 266   4                                              k++;
 267   4                                      }
 268   3              } 
 269   2               }
 270   1      }


MODULE INFORMATION:   STATIC OVERLAYABLE
   CODE SIZE        =   1305    ----
   CONSTANT SIZE    =    574    ----
   XDATA SIZE       =   ----    ----
   PDATA SIZE       =   ----    ----
   DATA SIZE        =    117    ----
   IDATA SIZE       =   ----    ----
   BIT SIZE         =   ----    ----
END OF MODULE INFORMATION.


C51 COMPILATION COMPLETE.  0 WARNING(S),  0 ERROR(S)
