C51 COMPILER V9.01   TIME                                                                  04/15/2014 17:20:34 PAGE 1   


C51 COMPILER V9.01, COMPILATION OF MODULE TIME
OBJECT MODULE PLACED IN time.OBJ
COMPILER INVOKED BY: E:\Keil\C51\BIN\C51.EXE time.c BROWSE DEBUG OBJECTEXTEND

line level    source

   1          #include <REGX52.H>
   2          sbit led = P2^0;
   3          
   4          void delay_ms(unsigned int ms)
   5          {
   6   1              unsigned int i;
   7   1              for (i=0;i<ms;i++)
   8   1              {
   9   2                      TH0=0xFC;
  10   2                      TL0=0x17; //or 17,gia tri ban dau cho timer
  11   2                      TR0=1; // cho phep timer hoat dong
  12   2                      while (!TF0); //cho co tran
  13   2                      TF0=0; //xóa co tran
  14   2                      TR0=0; // dung timer
  15   2              }
  16   1      }
  17          void delay_sec(unsigned int sec)
  18          {
  19   1              unsigned int j;
  20   1              for (j=0;j<sec;j++)
  21   1              {
  22   2                       delay_ms(1000);
  23   2              }
  24   1      }
  25          void delay_min(unsigned int min)
  26          {
  27   1              unsigned int k;
  28   1              for (k=0;k<min;k++)
  29   1              {
  30   2                       delay_sec(60);
  31   2              }
  32   1      }
  33          void main (void)
  34          {
  35   1              TMOD = 0x01;//timer 0 che do 1 16 bit
  36   1              while(1)
  37   1              {
  38   2                      led = 0;
  39   2                      delay_sec(10);
  40   2                      led =1;
  41   2                      delay_sec(10);
  42   2              }
  43   1      }


MODULE INFORMATION:   STATIC OVERLAYABLE
   CODE SIZE        =    121    ----
   CONSTANT SIZE    =   ----    ----
   XDATA SIZE       =   ----    ----
   PDATA SIZE       =   ----    ----
   DATA SIZE        =   ----       4
   IDATA SIZE       =   ----    ----
   BIT SIZE         =   ----    ----
END OF MODULE INFORMATION.


C51 COMPILATION COMPLETE.  0 WARNING(S),  0 ERROR(S)
