C51 COMPILER V9.01   COUNTER_BUTTON                                                        04/04/2013 07:51:56 PAGE 1   


C51 COMPILER V9.01, COMPILATION OF MODULE COUNTER_BUTTON
OBJECT MODULE PLACED IN counter button.OBJ
COMPILER INVOKED BY: F:\Keil\C51\BIN\C51.EXE counter button.c BROWSE DEBUG OBJECTEXTEND

line level    source

   1          #include <REGX52.H>
   2          #include<stdio.h>
   3          
   4          sbit led1= P1^0;
   5          sbit led2= P1^1;
   6          
   7          unsigned char m[10]= {0xC0,0xF9,0xA4,0xB0,0x99,0x92,0x82,0xF8,0x80,0x90};
   8          int num,i,l1,l2;
   9          void delay(int time)
  10          {
  11   1              while(time--);
  12   1      }
  13          void sang(void)
  14          {
  15   1      
  16   1                                      int k;
  17   1                                      l1=num/10;
  18   1                                      l2=num%10;
  19   1                                      for(k=0;k<100;k++)
  20   1                                      {
  21   2                                              P2=m[l1];
  22   2                                              led1=1;led2=0;
  23   2                                              delay(100);
  24   2      
  25   2                                              P2=0xff;
  26   2                                              delay(100);
  27   2      
  28   2                                              P2=m[l2];
  29   2                                              led2=1; led1=0;
  30   2                                              delay(100);
  31   2      
  32   2                                              P2=0xff;
  33   2                                              delay(100);
  34   2                                      }
  35   1      }
  36          void ngat(void) interrupt 0
  37          {
  38   1              if (num>=99) num=0;
  39   1              else num++;
  40   1      }
  41          void main()
  42          {
  43   1      
  44   1              EA=1;
  45   1              IT0=1;
  46   1              IE=0x81;
  47   1              while(1)
  48   1              {
  49   2                       sang();
  50   2      
  51   2              }
  52   1      }


MODULE INFORMATION:   STATIC OVERLAYABLE
C51 COMPILER V9.01   COUNTER_BUTTON                                                        04/04/2013 07:51:56 PAGE 2   

   CODE SIZE        =    150    ----
   CONSTANT SIZE    =   ----    ----
   XDATA SIZE       =   ----    ----
   PDATA SIZE       =   ----    ----
   DATA SIZE        =     18    ----
   IDATA SIZE       =   ----    ----
   BIT SIZE         =   ----    ----
END OF MODULE INFORMATION.


C51 COMPILATION COMPLETE.  0 WARNING(S),  0 ERROR(S)
