C51 COMPILER V9.01   DEMO                                                                  08/27/2013 22:43:23 PAGE 1   


C51 COMPILER V9.01, COMPILATION OF MODULE DEMO
OBJECT MODULE PLACED IN demo.OBJ
COMPILER INVOKED BY: E:\Keil\C51\BIN\C51.EXE demo.c BROWSE DEBUG OBJECTEXTEND

line level    source

   1          #include <REG51.H>
   2          #include <string.h>
   3          
   4          #define Qline  P1          //dinh nghia quet cac cot
   5          #define Rdata  P0          //chan xuat du lieu cho led mau do
   6          #define Gdata  P2          //chan xuat du lieu cho led mau xanh
   7          void delay(unsigned int t)
   8          {
   9   1              unsigned int i;
  10   1              for(i=0;i<t;i++);
  11   1      }
  12          unsigned char code mahang[]={
  13          //       1        2     3       4        5        6        7    8
  14                  0xFF,0xFF,0xFF,0xFF,0xFF,0xFF,//SPACE-32
  15                  0xFF,0xFF,0xA0,0xFF,0xFF,0xFF,//!    33
  16                  0xFF,0xFF,0xF8,0xF4,0xFF,0xFF,//"    34
  17                  0xEB,0x80,0xEB,0x80,0xEB,0xFF,//#    35
  18                  0xDB,0xD5,0x80,0xD5,0xED,0xFF,//$    36
  19                  0xD8,0xEA,0x94,0xAB,0x8D,0xFF,//%    37
  20                  0xC9,0xB6,0xA9,0xDF,0xAF,0xFF,//&    38
  21                  0xFF,0xFF,0xF8,0xF4,0xFF,0xFF,//'    39
  22                  0xFF,0xE3,0xDD,0xBE,0xFF,0xFF,//(    40
  23                  0xFF,0xBE,0xDD,0xE3,0xFF,0xFF,//)    41
  24                  0xD5,0xE3,0x80,0xE3,0xD5,0xFF,//*    42
  25                  0xF7,0xF7,0xC1,0xF7,0xF7,0xFF,//+    43
  26                  0xFF,0xA7,0xC7,0xFF,0xFF,0xFF,//,    44
  27                  0xF7,0xF7,0xF7,0xF7,0xF7,0xFF,//-    45
  28                  0xFF,0x9F,0x9F,0xFF,0xFF,0xFF,//x    46
  29                  0xFF,0xC9,0xC9,0xFF,0xFF,0xFF,// /   47
  30                  0xC1,0xAE,0xB6,0xBA,0xC1,0xFF,//0    48         
  31                  0xFF,0xBD,0x80,0xBF,0xFF,0xFF,//1    49
  32                  0x8D,0xB6,0xB6,0xB6,0xB9,0xFF,//2    50
  33                  0xDD,0xBE,0xB6,0xB6,0xC9,0xFF,//3    51
  34                  0xE7,0xEB,0xED,0x80,0xEF,0xFF,//4    52
  35                  0xD8,0xBA,0xBA,0xBA,0xC6,0xFF,//5    53
  36                  0xC3,0xB5,0xB6,0xB6,0xCF,0xFF,//6    54
  37                  0xFE,0x8E,0xF6,0xFA,0xFC,0xFF,//7    55
  38                  0xC9,0xB6,0xB6,0xB6,0xC9,0xFF,//8    56
  39                  0xF9,0xB6,0xB6,0xD6,0xE1,0xFF,//9    57
  40                  0xFF,0xC9,0xC9,0xFF,0xFF,0xFF,//:    58
  41                  0xFF,0xA4,0xC4,0xFF,0xFF,0xFF,//;    59
  42                  0xF7,0xEB,0xDD,0xBE,0xFF,0xFF,//<    60
  43                  0xEB,0xEB,0xEB,0xEB,0xEB,0xFF,//=    61
  44                  0xFF,0xBE,0xDD,0xEB,0xF7,0xFF,//>    62
  45                  0xFD,0xFE,0xAE,0xF6,0xF9,0xFF,//?    63
  46                  0xCD,0xB6,0x8E,0xBE,0xC1,0xFF,//@    64 
  47                  0x83,0xF5,0xF6,0xF5,0x83,0xFF,//A    65
  48                  0xBE,0x80,0xB6,0xB6,0xC9,0xFF,//B    66
  49                  0xC1,0xBE,0xBE,0xBE,0xDD,0xFF,//C    67
  50                  0xBE,0x80,0xBE,0xBE,0xC1,0xFF,//D    68
  51                  0x80,0xB6,0xB6,0xB6,0xBE,0xFF,//E    69
  52                  0x80,0xF6,0xF6,0xFE,0xFE,0xFF,//F    70
  53                  0xC1,0xBE,0xB6,0xB6,0xC5,0xFF,//G    71
  54                  0x80,0xF7,0xF7,0xF7,0x80,0xFF,//H        72
  55                  0xFF,0xBE,0x80,0xBE,0xFF,0xFF,//I        73
C51 COMPILER V9.01   DEMO                                                                  08/27/2013 22:43:23 PAGE 2   

  56                  0xDF,0xBF,0xBE,0xC0,0xFE,0xFF,//J        74
  57                  0x80,0xF7,0xEB,0xDD,0xBE,0xFF,//K    75
  58                  0x80,0xBF,0xBF,0xBF,0xFF,0xFF,//L    76
  59                  0x80,0xFD,0xF3,0xFD,0x80,0xFF,//M    77
  60                  0x80,0xFD,0xFB,0xF7,0x80,0xFF,//N    78
  61                  0xC1,0xBE,0xBE,0xBE,0xC1,0xFF,//O    79
  62                  0x80,0xF6,0xF6,0xF6,0xF9,0xFF,//P    80
  63                  0xC1,0xBE,0xAE,0xDE,0xA1,0xFF,//Q    81
  64                  0x80,0xF6,0xE6,0xD6,0xB9,0xFF,//R    82
  65                  0xD9,0xB6,0xB6,0xB6,0xCD,0xFF,//S    83 
  66                  0xFE,0xFE,0x80,0xFE,0xFE,0xFF,//T    84
  67                  0xC0,0xBF,0xBF,0xBF,0xC0,0xFF,//U    85
  68                  0xE0,0xDF,0xBF,0xDF,0xE0,0xFF,//V    86
  69                  0xC0,0xBF,0xCF,0xBF,0xC0,0xFF,//W    87
  70                  0x9C,0xEB,0xF7,0xEB,0x9C,0xFF,//X    88
  71                  0xFC,0xFB,0x87,0xFB,0xFC,0xFF,//Y    89
  72                  0x9E,0xAE,0xB6,0xBA,0xBC,0xFF,//Z    90
  73                  0xFF,0x80,0xBE,0xBE,0xFF,0xFF,//[    91
  74                  0xFD,0xFB,0xF7,0xEF,0xDF,0xFF,//\    92
  75                  0xFF,0xBE,0xBE,0x80,0xFF,0xFF,//]    93
  76                  0xFB,0xFD,0xFE,0xFD,0xFB,0xFF,//^    94
  77                  0x7F,0x7F,0x7F,0x7F,0x7F,0xFF,//_    95
  78                  0xFF,0xFF,0xF8,0xF4,0xFF,0xFF,//'    96
  79                  0xDF,0xAB,0xAB,0xAB,0xC7,0xFF,//a    97
  80                  0x80,0xC7,0xBB,0xBB,0xC7,0xFF,//b        98
  81                  0xFF,0xC7,0xBB,0xBB,0xBB,0xFF,//c        99
  82                  0xC7,0xBB,0xBB,0xC7,0x80,0xFF,//d        100
  83                  0xC7,0xAB,0xAB,0xAB,0xF7,0xFF,//e    101
  84                  0xF7,0x81,0xF6,0xF6,0xFD,0xFF,//f        102
  85                  0xF7,0xAB,0xAB,0xAB,0xC3,0xFF,//g    103
  86                  0x80,0xF7,0xFB,0xFB,0x87,0xFF,//h    104
  87                  0xFF,0xBB,0x82,0xBF,0xFF,0xFF,//i    105
  88                  0xDF,0xBF,0xBB,0xC2,0xFF,0xFF,//j    106
  89                  0xFF,0x80,0xEF,0xD7,0xBB,0xFF,//k    107
  90                  0xFF,0xBE,0x80,0xBF,0xFF,0xFF,//l    108
  91                  0x83,0xFB,0x87,0xFB,0x87,0xFF,//m    109
  92                  0x83,0xF7,0xFB,0xFB,0x87,0xFF,//n    110
  93                  0xC7,0xBB,0xBB,0xBB,0xC7,0xFF,//o    111
  94                  0x83,0xEB,0xEB,0xEB,0xF7,0xFF,//p    112
  95                  0xF7,0xEB,0xEB,0xEB,0x83,0xFF,//q    113
  96                  0x83,0xF7,0xFB,0xFB,0xF7,0xFF,//r    114
  97                  0xB7,0xAB,0xAB,0xAB,0xDB,0xFF,//s    115
  98                  0xFF,0xFB,0xC0,0xBB,0xBB,0xFF,//t    116
  99                  0xC3,0xBF,0xBF,0xDF,0x83,0xFF,//u    117
 100                  0xE3,0xDF,0xBF,0xDF,0xE3,0xFF,//v    118
 101                  0xC3,0xBF,0xCF,0xBF,0xC3,0xFF,//w    119
 102                  0xBB,0xD7,0xEF,0xD7,0xBB,0xFF,//x    120
 103                  0xF3,0xAF,0xAF,0xAF,0xC3,0xFF,//y    121
 104                  0xBB,0x9B,0xAB,0xB3,0xBB,0xFF,//z    122
 105                  0xFB,0xE1,0xE0,0xE1,0xFB,0xFF//^    123
 106                  };
 107          unsigned char code macotd[]={0x01,0x02,0x04,0x08,0x10,0x20,0x40,0x80};
 108          unsigned  int l,m,n,t,k,j,i;
 109          unsigned char *xau=" Blog's Tannd";
 110          unsigned char hienthi[100];
 111          void hienchudo(unsigned int c)
 112          {
 113   1                      k=c*6-32*6;
 114   1                      hienthi[0]=0xff;
 115   1                      for(i=0;i<6;i++)
 116   1                              {
 117   2                                      hienthi[i+1]=mahang[k+i];
C51 COMPILER V9.01   DEMO                                                                  08/27/2013 22:43:23 PAGE 3   

 118   2                              }  
 119   1                      hienthi[7]=0xff;
 120   1                                                      for(i=0;i<200;i++)
 121   1                                                      for(n=0;n<8;n++)
 122   1                                                              { 
 123   2                                                                      Qline=macotd[n];
 124   2                                                                      Rdata=hienthi[n];
 125   2                                                                      //Gdata=hienthi[n];
 126   2                                                                      delay(20);      // delay mo
 127   2                                                              }
 128   1                                              Rdata=0xff;   //        
 129   1                                              delay(80); //   delay tat
 130   1                                              
 131   1      }
 132          void hienchuxanh(unsigned int c)
 133          {
 134   1                      k=c*6-32*6;
 135   1                      hienthi[0]=0xff;
 136   1                      for(i=0;i<6;i++)
 137   1                              {
 138   2                                      hienthi[i+1]=mahang[k+i];
 139   2                              }  
 140   1                      hienthi[7]=0xff;
 141   1                                                      for(i=0;i<200;i++)
 142   1                                                      for(n=0;n<8;n++)
 143   1                                                              { 
 144   2                                                                      Qline=macotd[n];
 145   2                                                                      //Rdata=hienthi[n];
 146   2                                                                      Gdata=hienthi[n];
 147   2                                                                      delay(20);      // delay mo
 148   2                                                              }
 149   1                                              Rdata=0xff;   //        
 150   1                                              delay(80); //   delay tat
 151   1                                              
 152   1      }void hienchuvang(unsigned int c)
 153          {
 154   1                      k=c*6-32*6;
 155   1                      hienthi[0]=0xff;
 156   1                      for(i=0;i<6;i++)
 157   1                              {
 158   2                                      hienthi[i+1]=mahang[k+i];
 159   2                              }  
 160   1                      hienthi[7]=0xff;
 161   1                                                      for(i=0;i<200;i++)
 162   1                                                      for(n=0;n<8;n++)
 163   1                                                              { 
 164   2                                                                      Qline=macotd[n];
 165   2                                                                      Rdata=hienthi[n];
 166   2                                                                      Gdata=hienthi[n];
 167   2                                                                      delay(20);      // delay mo
 168   2                                                              }
 169   1                                              Rdata=0xff;   //        
 170   1                                              delay(80); //   delay tat
 171   1                                              
 172   1      }
 173          void main()
 174          {
 175   1      
 176   1              l=strlen(xau)*6+8;
 177   1              for(i=0;i<8;i++) hienthi[i]=0xff;
 178   1              for(i=0;i<strlen(xau);i++)
 179   1              {
C51 COMPILER V9.01   DEMO                                                                  08/27/2013 22:43:23 PAGE 4   

 180   2               n=0;
 181   2                k=*(xau+i)*6-32*6;
 182   2                for(j=k;j<k+6;j++)
 183   2                {
 184   3                      m=8+i*6+n;
 185   3                      hienthi[8+i*6+n]=mahang[k+n];
 186   3                      n++;
 187   3                 }  
 188   2              }
 189   1              for(i=m+1;i<m+8;i++) hienthi[i]=0xff; 
 190   1              while(1)
 191   1              {
 192   2                       for(j=48;j<59;j++)
 193   2                      {
 194   3                              hienchudo(j);
 195   3                      }
 196   2                      for(j=48;j<59;j++)
 197   2                      {
 198   3                              hienchuxanh(j);
 199   3                      }for(j=48;j<59;j++)
 200   2                      {
 201   3                              hienchuvang(j);
 202   3                      }
 203   2      
 204   2      
 205   2                      for(j=65;j<92;j++)
 206   2                      {
 207   3                              hienchudo(j);
 208   3                      }
 209   2                      for(j=65;j<92;j++)
 210   2                      {
 211   3                              hienchuxanh(j);
 212   3                      }
 213   2                      for(j=65;j<92;j++)
 214   2                      {
 215   3                              hienchuvang(j);
 216   3                      }
 217   2              
 218   2              for(i=0;i<3;i++)
 219   2              {
 220   3                      k=0;
 221   3                              for(t=0;t<l;t++)
 222   3                                      {
 223   4                                              for(j=1;j<100;j++)//thoi gian nhin thay ky tu
 224   4                                                      for(n=0;n<8;n++)
 225   4                                                              { 
 226   5                                                                      Qline=macotd[n];
 227   5                                                                      //Rdata=hienthi[n+k];
 228   5                                                                      Gdata=hienthi[n+k];
 229   5                                                                      delay(80);      // delay mo
 230   5                                                              }
 231   4                                              Rdata=0xff;   //        
 232   4                                              delay(80); //   delay tat
 233   4                                              k++;
 234   4                                      }
 235   3              }
 236   2              
 237   2               for(i=0;i<3;i++)
 238   2              {
 239   3                      k=0;
 240   3                              for(t=0;t<l;t++)
 241   3                                      {
C51 COMPILER V9.01   DEMO                                                                  08/27/2013 22:43:23 PAGE 5   

 242   4                                              for(j=1;j<100;j++)//thoi gian nhin thay ky tu
 243   4                                                      for(n=0;n<8;n++)
 244   4                                                              { 
 245   5                                                                      Qline=macotd[n];
 246   5                                                                      //Rdata=hienthi[n+k];
 247   5                                                                      Gdata=hienthi[n+k];
 248   5                                                                      delay(80);      // delay mo
 249   5                                                              }
 250   4                                              Rdata=0xff;   //        
 251   4                                              delay(80); //   delay tat
 252   4                                              k++;
 253   4                                      }
 254   3              }
 255   2              for(i=0;i<3;i++)
 256   2              {
 257   3                      k=0;
 258   3                              for(t=0;t<l;t++)
 259   3                                      {
 260   4                                              for(j=1;j<100;j++)//thoi gian nhin thay ky tu
 261   4                                                      for(n=0;n<8;n++)
 262   4                                                              { 
 263   5                                                                      Qline=macotd[n];
 264   5                                                                      Rdata=hienthi[n+k];
 265   5                                                                      //Gdata=hienthi[n+k];
 266   5                                                                      delay(80);      // delay mo
 267   5                                                              }
 268   4                                              Rdata=0xff;   //        
 269   4                                              delay(80); //   delay tat
 270   4                                              k++;
 271   4                                      }
 272   3              } 
 273   2               }
 274   1      }


MODULE INFORMATION:   STATIC OVERLAYABLE
   CODE SIZE        =   1311    ----
   CONSTANT SIZE    =    574    ----
   XDATA SIZE       =   ----    ----
   PDATA SIZE       =   ----    ----
   DATA SIZE        =    117    ----
   IDATA SIZE       =   ----    ----
   BIT SIZE         =   ----    ----
END OF MODULE INFORMATION.


C51 COMPILATION COMPLETE.  0 WARNING(S),  0 ERROR(S)
